<?xml version="1.0" encoding="UTF-8" ?>
<testsuite tests="14" failures="1" name="TestSuite" time="0.526" errors="0" skipped="13">
  <properties>
[...]
</properties>
  <testcase classname="learning.TestNGMulti" name="setUp" time="0.518">
    <failure message="
Parameter &apos;browserName&apos; is required by @Configuration on method setUp but has not been marked @Optional or defined
" type="org.testng.TestNGException">org.testng.TestNGException: 
Parameter &apos;browserName&apos; is required by @Configuration on method setUp but has not been marked @Optional or defined

	at org.testng.internal.Parameters.createParameters(Parameters.java:155)
	at org.testng.internal.Parameters.createParameters(Parameters.java:355)
	at org.testng.internal.Parameters.createConfigurationParameters(Parameters.java:86)
	at org.testng.internal.Invoker.invokeConfigurations(Invoker.java:199)
	at org.testng.internal.Invoker.invokeConfigurations(Invoker.java:138)
	at org.testng.TestRunner.beforeRun(TestRunner.java:641)
	at org.testng.TestRunner.run(TestRunner.java:609)
	at org.testng.SuiteRunner.runTest(SuiteRunner.java:334)
	at org.testng.SuiteRunner.runSequentially(SuiteRunner.java:329)
	at org.testng.SuiteRunner.privateRun(SuiteRunner.java:291)
	at org.testng.SuiteRunner.run(SuiteRunner.java:240)
	at org.testng.SuiteRunnerWorker.runSuite(SuiteRunnerWorker.java:52)
	at org.testng.SuiteRunnerWorker.run(SuiteRunnerWorker.java:86)
	at org.testng.TestNG.runSuitesSequentially(TestNG.java:1198)
	at org.testng.TestNG.runSuitesLocally(TestNG.java:1123)
	at org.testng.TestNG.run(TestNG.java:1031)
	at org.apache.maven.surefire.testng.TestNGExecutor.run(TestNGExecutor.java:77)
	at org.apache.maven.surefire.testng.TestNGDirectoryTestSuite.executeMulti(TestNGDirectoryTestSuite.java:159)
	at org.apache.maven.surefire.testng.TestNGDirectoryTestSuite.execute(TestNGDirectoryTestSuite.java:99)
	at org.apache.maven.surefire.testng.TestNGProvider.invoke(TestNGProvider.java:106)
	at java.base/jdk.internal.reflect.NativeMethodAccessorImpl.invoke0(Native Method)
	at java.base/jdk.internal.reflect.NativeMethodAccessorImpl.invoke(NativeMethodAccessorImpl.java:62)
	at java.base/jdk.internal.reflect.DelegatingMethodAccessorImpl.invoke(DelegatingMethodAccessorImpl.java:43)
	at java.base/java.lang.reflect.Method.invoke(Method.java:567)
	at org.apache.maven.surefire.util.ReflectionUtils.invokeMethodWithArray(ReflectionUtils.java:189)
	at org.apache.maven.surefire.booter.ProviderFactory$ProviderProxy.invoke(ProviderFactory.java:165)
	at org.apache.maven.surefire.booter.ProviderFactory.invokeProvider(ProviderFactory.java:85)
	at org.apache.maven.surefire.booter.ForkedBooter.runSuitesInProcess(ForkedBooter.java:115)
	at org.apache.maven.surefire.booter.ForkedBooter.main(ForkedBooter.java:75)
</failure>
    <system-out>Configuring TestNG with: org.apache.maven.surefire.testng.conf.TestNG652Configurator@6debcae2
</system-out>
  </testcase>
  <testcase classname="listeners.TestNGListenerDemo" name="test1" time="0.003">
    <skipped/>
  </testcase>
  <testcase classname="listeners.TestNGListenerDemo" name="test2" time="0">
    <skipped/>
  </testcase>
  <testcase classname="listeners.TestNGListenerDemo" name="test3" time="0.001">
    <skipped/>
  </testcase>
  <testcase classname="listeners.TestNGListenerDemo" name="test4" time="0">
    <skipped/>
  </testcase>
  <testcase classname="listeners.TestNGListenerDemo2" name="test5" time="0">
    <skipped/>
  </testcase>
  <testcase classname="listeners.TestNGListenerDemo2" name="test6" time="0">
    <skipped/>
  </testcase>
  <testcase classname="listeners.TestNGListenerDemo2" name="test7" time="0">
    <skipped/>
  </testcase>
  <testcase classname="listeners.TestNGListenerDemo2" name="test8" time="0.001">
    <skipped/>
  </testcase>
  <testcase classname="learning.TestNGMulti" name="test1" time="0.001">
    <skipped/>
  </testcase>
  <testcase classname="learning.TestNGPriority" name="test2" time="0">
    <skipped/>
  </testcase>
  <testcase classname="learning.TestNGPriority" name="test3" time="0">
    <skipped/>
  </testcase>
  <testcase classname="learning.TestNGPriority" name="test1" time="0">
    <skipped/>
  </testcase>
  <testcase classname="learning.TestNGMulti" name="tearDown" time="0.002">
    <skipped/>
  </testcase>
</testsuite>